<?xml version="1.0" encoding="UTF-8" ?>
<testsuite tests="3" failures="0" name="com.redislabs.university.RU102J.examples.JedisBasicsTest" time="0.027" errors="0" skipped="0">
  <properties>
[...]
</properties>
  <testcase classname="com.redislabs.university.RU102J.examples.JedisBasicsTest" name="testRedisHash" time="0.011"/>
  <testcase classname="com.redislabs.university.RU102J.examples.JedisBasicsTest" name="testRedisList" time="0.008"/>
  <testcase classname="com.redislabs.university.RU102J.examples.JedisBasicsTest" name="testRedisSet" time="0.008"/>
</testsuite>